
Showing logs for build [32mcb-kubecd-environment-pr-179-4-85x4p-3[0m stage [32mfrom-build-pack[0m and container [32mstep-credential-initializer-p455w[0m
{"level":"warn","ts":1583894448.4077778,"logger":"fallback-logger","caller":"logging/config.go:69","msg":"Fetch GitHub commit ID from kodata failed: \"ref: refs/heads/0.8.0-**-support-backwards-incompats\" is not a valid GitHub commit ID"}
{"level":"info","ts":1583894448.409129,"logger":"fallback-logger","caller":"creds-init/main.go:40","msg":"Credentials initialized."}

Showing logs for build [32mcb-kubecd-environment-pr-179-4-85x4p-3[0m stage [32mfrom-build-pack[0m and container [32mstep-working-dir-initializer-59w48[0m
{"level":"warn","ts":1583894450.0518072,"logger":"fallback-logger","caller":"logging/config.go:69","msg":"Fetch GitHub commit ID from kodata failed: open /var/run/ko/HEAD: no such file or directory"}
{"level":"info","ts":1583894450.0543833,"logger":"fallback-logger","caller":"bash/main.go:64","msg":"Successfully executed command \"sh -c mkdir -p /workspace/source\"; output "}

Showing logs for build [32mcb-kubecd-environment-pr-179-4-85x4p-3[0m stage [32mfrom-build-pack[0m and container [32mstep-place-tools[0m

Showing logs for build [32mcb-kubecd-environment-pr-179-4-85x4p-3[0m stage [32mfrom-build-pack[0m and container [32mstep-git-source-cb-kubecd-environment-pr-179-4-85x4p-zbx7b[0m
{"level":"warn","ts":1583894456.2902133,"logger":"fallback-logger","caller":"logging/config.go:69","msg":"Fetch GitHub commit ID from kodata failed: \"ref: refs/heads/0.8.0-**-support-backwards-incompats\" is not a valid GitHub commit ID"}
{"level":"info","ts":1583894457.3531463,"logger":"fallback-logger","caller":"git/git.go:103","msg":"Successfully cloned https://github.com/cb-kubecd/environment-pr-179-4-gke-upgrade-staging.git @ master in path /workspace/source"}

Showing logs for build [32mcb-kubecd-environment-pr-179-4-85x4p-3[0m stage [32mfrom-build-pack[0m and container [32mstep-git-merge[0m
Using SHAs from PULL_REFS=master:99594270056835ae76fffca085a1e7a04ddc4d94,1:9debdb78f800350984d71b8c4c424717cb1f258e
DEBUG: LC_ALL=C JX_LOG_LEVEL=error git fetch origin --unshallow 9debdb78f800350984d71b8c4c424717cb1f258e: 99594270056835ae76fffca085a1e7a04ddc4d94:
DEBUG: ran git fetch --unshallow origin 9debdb78f800350984d71b8c4c424717cb1f258e: 99594270056835ae76fffca085a1e7a04ddc4d94: in 
DEBUG: LC_ALL=C JX_LOG_LEVEL=error git branch
DEBUG: LC_ALL=C JX_LOG_LEVEL=error git checkout master
DEBUG: ran git checkout master in 
DEBUG: JX_LOG_LEVEL=error LC_ALL=C git reset --hard 99594270056835ae76fffca085a1e7a04ddc4d94
DEBUG: ran git reset --hard 99594270056835ae76fffca085a1e7a04ddc4d94 in 
DEBUG: LC_ALL=C JX_LOG_LEVEL=error git clean -fd .
DEBUG: ran clean --force -d . in 
DEBUG: LC_ALL=C JX_LOG_LEVEL=error git merge 9debdb78f800350984d71b8c4c424717cb1f258e
DEBUG: ran git merge 9debdb78f800350984d71b8c4c424717cb1f258e in 
DEBUG: LC_ALL=C JX_LOG_LEVEL=error git log --format=%H%x1f%an%x1f%ae%x1f%cn%x1f%ce%x1f%s%n%b%x1e 99594270056835ae76fffca085a1e7a04ddc4d94..HEAD
Merged SHA 9debdb78f800350984d71b8c4c424717cb1f258e with commit message 'chore: Promote bdd-spring-1583894119 to version 0.0.1' into base branch master

Showing logs for build [32mcb-kubecd-environment-pr-179-4-85x4p-3[0m stage [32mfrom-build-pack[0m and container [32mstep-build-helm-build[0m
WARNING: No $CHART_REPOSITORY defined so using the default value of: http://jenkins-x-chartmuseum:8080
Adding missing Helm repo: storage.googleapis.com https://storage.googleapis.com/chartmuseum.jenkins-x.io
WARNING: No secrets found on "helm/repos" due: reading the secret "helm/repos" from vault: no secret "helm/repos" not found in vault
Read credentials for https://storage.googleapis.com/chartmuseum.jenkins-x.io from vault helm/repos
Successfully added Helm repository storage.googleapis.com.
Adding missing Helm repo: jenkins-x-chartmuseum http://jenkins-x-chartmuseum:8080
WARNING: No secrets found on "helm/repos" due: reading the secret "helm/repos" from vault: no secret "helm/repos" not found in vault
Read credentials for http://jenkins-x-chartmuseum:8080 from vault helm/repos
Successfully added Helm repository jenkins-x-chartmuseum.
WARNING: No $CHART_REPOSITORY defined so using the default value of: http://jenkins-x-chartmuseum:8080
Adding missing Helm repo: chartmuseum.jenkins-x.io http://chartmuseum.jenkins-x.io
WARNING: No secrets found on "helm/repos" due: reading the secret "helm/repos" from vault: no secret "helm/repos" not found in vault
Read credentials for http://chartmuseum.jenkins-x.io from vault helm/repos
Successfully added Helm repository chartmuseum.jenkins-x.io.
